- "amish"
- "christian"
- "mormonism"
- "jewish"
- "scientology"
- "presbyterian"
- "congregationalist"
- "baptist"
- "paganism"
- "buddhist"
- "zoroastrianism"
- "shinto"
- "zen-buddhism"
- "unitarian"
- "baha'i"
- "hinduism"
- "confucianism"
- "hindu"
- "buddhism"
- "sikhism"
- "protestant"
- "evangelical-lutheran"
- "mennonite"
- "roman-catholic"
- "pentecostal"
- "adventist"
- "lutheran"
- "judaism"
- "protestantism"
- "methodist"
- "taoism"
- "lutheranism"
- "islamism"
- "episcopal"
- "mormon"
- "unitarian-universalism"
- "catholicism"
- "catholic"
- "islam"
- "evangelical"
- "zen"
- "wicca"
- "episcopalian"
- "unitarianism"
- "anglican"
- "presbyterianism"
- "congregational"
